This is pdfTeX, Version 3.14159265-2.6-1.40.19 (MiKTeX 2.9.6730 64-bit) (preloaded format=pdflatex 2018.8.15)  14 NOV 2019 22:42
entering extended mode
**"./Assignment 3.tex"
("Assignment 3.tex"
LaTeX2e <2018-04-01> patch level 5
("C:\Program Files\MiKTeX 2.9\tex\latex\base\report.cls"
Document Class: report 2014/09/29 v1.4h Standard LaTeX document class
("C:\Program Files\MiKTeX 2.9\tex\latex\base\size10.clo"
File: size10.clo 2014/09/29 v1.4h Standard LaTeX file (size option)
)
\c@part=\count80
\c@chapter=\count81
\c@section=\count82
\c@subsection=\count83
\c@subsubsection=\count84
\c@paragraph=\count85
\c@subparagraph=\count86
\c@figure=\count87
\c@table=\count88
\abovecaptionskip=\skip41
\belowcaptionskip=\skip42
\bibindent=\dimen102
)
("C:\Program Files\MiKTeX 2.9\tex\latex\geometry\geometry.sty"
Package: geometry 2018/04/16 v5.8 Page Geometry

("C:\Program Files\MiKTeX 2.9\tex\latex\graphics\keyval.sty"
Package: keyval 2014/10/28 v1.15 key=value parser (DPC)
\KV@toks@=\toks14
)
("C:\Program Files\MiKTeX 2.9\tex\generic\oberdiek\ifpdf.sty"
Package: ifpdf 2017/03/15 v3.2 Provides the ifpdf switch
)
("C:\Program Files\MiKTeX 2.9\tex\generic\oberdiek\ifvtex.sty"
Package: ifvtex 2016/05/16 v1.6 Detect VTeX and its facilities (HO)
Package ifvtex Info: VTeX not detected.
)
("C:\Program Files\MiKTeX 2.9\tex\generic\ifxetex\ifxetex.sty"
Package: ifxetex 2010/09/12 v0.6 Provides ifxetex conditional
)
\Gm@cnth=\count89
\Gm@cntv=\count90
\c@Gm@tempcnt=\count91
\Gm@bindingoffset=\dimen103
\Gm@wd@mp=\dimen104
\Gm@odd@mp=\dimen105
\Gm@even@mp=\dimen106
\Gm@layoutwidth=\dimen107
\Gm@layoutheight=\dimen108
\Gm@layouthoffset=\dimen109
\Gm@layoutvoffset=\dimen110
\Gm@dimlist=\toks15

("C:\Program Files\MiKTeX 2.9\tex\latex\geometry\geometry.cfg")

Package geometry Warning: Over-specification in `h'-direction.
    `width' (369.88582pt) is ignored.

) ("C:\Program Files\MiKTeX 2.9\tex\latex\amscls\amsthm.sty"
Package: amsthm 2017/10/31 v2.20.4
\thm@style=\toks16
\thm@bodyfont=\toks17
\thm@headfont=\toks18
\thm@notefont=\toks19
\thm@headpunct=\toks20
\thm@preskip=\skip43
\thm@postskip=\skip44
\thm@headsep=\skip45
\dth@everypar=\toks21
)
("C:\Program Files\MiKTeX 2.9\tex\latex\amsmath\amsmath.sty"
Package: amsmath 2017/09/02 v2.17a AMS math features
\@mathmargin=\skip46

For additional information on amsmath, use the `?' option.
("C:\Program Files\MiKTeX 2.9\tex\latex\amsmath\amstext.sty"
Package: amstext 2000/06/29 v2.01 AMS text

("C:\Program Files\MiKTeX 2.9\tex\latex\amsmath\amsgen.sty"
File: amsgen.sty 1999/11/30 v2.0 generic functions
\@emptytoks=\toks22
\ex@=\dimen111
))
("C:\Program Files\MiKTeX 2.9\tex\latex\amsmath\amsbsy.sty"
Package: amsbsy 1999/11/29 v1.2d Bold Symbols
\pmbraise@=\dimen112
)
("C:\Program Files\MiKTeX 2.9\tex\latex\amsmath\amsopn.sty"
Package: amsopn 2016/03/08 v2.02 operator names
)
\inf@bad=\count92
LaTeX Info: Redefining \frac on input line 213.
\uproot@=\count93
\leftroot@=\count94
LaTeX Info: Redefining \overline on input line 375.
\classnum@=\count95
\DOTSCASE@=\count96
LaTeX Info: Redefining \ldots on input line 472.
LaTeX Info: Redefining \dots on input line 475.
LaTeX Info: Redefining \cdots on input line 596.
\Mathstrutbox@=\box26
\strutbox@=\box27
\big@size=\dimen113
LaTeX Font Info:    Redeclaring font encoding OML on input line 712.
LaTeX Font Info:    Redeclaring font encoding OMS on input line 713.
\macc@depth=\count97
\c@MaxMatrixCols=\count98
\dotsspace@=\muskip10
\c@parentequation=\count99
\dspbrk@lvl=\count100
\tag@help=\toks23
\row@=\count101
\column@=\count102
\maxfields@=\count103
\andhelp@=\toks24
\eqnshift@=\dimen114
\alignsep@=\dimen115
\tagshift@=\dimen116
\tagwidth@=\dimen117
\totwidth@=\dimen118
\lineht@=\dimen119
\@envbody=\toks25
\multlinegap=\skip47
\multlinetaggap=\skip48
\mathdisplay@stack=\toks26
LaTeX Info: Redefining \[ on input line 2817.
LaTeX Info: Redefining \] on input line 2818.
)
("C:\Program Files\MiKTeX 2.9\tex\latex\amsfonts\amssymb.sty"
Package: amssymb 2013/01/14 v3.01 AMS font symbols

("C:\Program Files\MiKTeX 2.9\tex\latex\amsfonts\amsfonts.sty"
Package: amsfonts 2013/01/14 v3.01 Basic AMSFonts support
\symAMSa=\mathgroup4
\symAMSb=\mathgroup5
LaTeX Font Info:    Overwriting math alphabet `\mathfrak' in version `bold'
(Font)                  U/euf/m/n --> U/euf/b/n on input line 106.
))
(C:\Users\Shubh\AppData\Roaming\MiKTeX\2.9\tex\latex\tipa\tipa.sty
Package: tipa 2002/08/08 TIPA version 1.1

("C:\Program Files\MiKTeX 2.9\tex\latex\base\fontenc.sty"
Package: fontenc 2017/04/05 v2.0i Standard LaTeX package

(C:\Users\Shubh\AppData\Roaming\MiKTeX\2.9\tex\latex\tipa\t3enc.def
File: t3enc.def 2001/12/31 T3 encoding
Now handling font encoding T3 ...
... no UTF-8 mapping file for font encoding T3
)
("C:\Program Files\MiKTeX 2.9\tex\latex\base\ot1enc.def"
File: ot1enc.def 2017/04/05 v2.0i Standard LaTeX file
LaTeX Font Info:    Redeclaring font encoding OT1 on input line 48.
)))
("C:\Program Files\MiKTeX 2.9\tex\latex\graphics\graphicx.sty"
Package: graphicx 2017/06/01 v1.1a Enhanced LaTeX Graphics (DPC,SPQR)

("C:\Program Files\MiKTeX 2.9\tex\latex\graphics\graphics.sty"
Package: graphics 2017/06/25 v1.2c Standard LaTeX Graphics (DPC,SPQR)

("C:\Program Files\MiKTeX 2.9\tex\latex\graphics\trig.sty"
Package: trig 2016/01/03 v1.10 sin cos tan (DPC)
)
("C:\Program Files\MiKTeX 2.9\tex\latex\graphics-cfg\graphics.cfg"
File: graphics.cfg 2016/06/04 v1.11 sample graphics configuration
)
Package graphics Info: Driver file: pdftex.def on input line 99.

("C:\Program Files\MiKTeX 2.9\tex\latex\graphics-def\pdftex.def"
File: pdftex.def 2018/01/08 v1.0l Graphics/color driver for pdftex
))
\Gin@req@height=\dimen120
\Gin@req@width=\dimen121
)
(C:\Users\Shubh\AppData\Roaming\MiKTeX\2.9\tex\latex\caption\caption.sty
Package: caption 2018/10/06 v3.3-154 Customizing captions (AR)

(C:\Users\Shubh\AppData\Roaming\MiKTeX\2.9\tex\latex\caption\caption3.sty
Package: caption3 2018/09/12 v1.8c caption3 kernel (AR)
Package caption3 Info: TeX engine: e-TeX on input line 64.
\captionmargin=\dimen122
\captionmargin@=\dimen123
\captionwidth=\dimen124
\caption@tempdima=\dimen125
\caption@indent=\dimen126
\caption@parindent=\dimen127
\caption@hangindent=\dimen128
)
\c@caption@flags=\count104
\c@ContinuedFloat=\count105
)
(C:\Users\Shubh\AppData\Roaming\MiKTeX\2.9\tex\latex\caption\subcaption.sty
Package: subcaption 2018/05/01 v1.1-162 Sub-captions (AR)
\c@subfigure=\count106
\c@subtable=\count107
)
("C:\Program Files\MiKTeX 2.9\tex\latex\float\float.sty"
Package: float 2001/11/08 v1.3d Float enhancements (AL)
\c@float@type=\count108
\float@exts=\toks27
\float@box=\box28
\@float@everytoks=\toks28
\@floatcapt=\box29
)
(C:\Users\Shubh\AppData\Roaming\MiKTeX\2.9\tex\latex\fancyhdr\fancyhdr.sty
Package: fancyhdr 2017/06/30 v3.9a Extensive control of page headers and footer
s
\f@nch@headwidth=\skip49
\f@nch@O@elh=\skip50
\f@nch@O@erh=\skip51
\f@nch@O@olh=\skip52
\f@nch@O@orh=\skip53
\f@nch@O@elf=\skip54
\f@nch@O@erf=\skip55
\f@nch@O@olf=\skip56
\f@nch@O@orf=\skip57
)
("C:\Program Files\MiKTeX 2.9\tex\latex\tools\verbatim.sty"
Package: verbatim 2014/10/28 v1.5q LaTeX2e package for verbatim enhancements
\every@verbatim=\toks29
\verbatim@line=\toks30
\verbatim@in@stream=\read1
)
(C:\Users\Shubh\AppData\Roaming\MiKTeX\2.9\tex\latex\mdwtools\sverb.sty
Package: sverb 1996/05/08 1.3 Verbatim typesetting
\svtab=\dimen129
\listingindent=\dimen130
\sv@writefile=\write3
\sv@nestcount=\count109
)
("Assignment 3.aux")
\openout1 = `"Assignment 3.aux"'.

LaTeX Font Info:    Checking defaults for OML/cmm/m/it on input line 13.
LaTeX Font Info:    ... okay on input line 13.
LaTeX Font Info:    Checking defaults for T1/cmr/m/n on input line 13.
LaTeX Font Info:    ... okay on input line 13.
LaTeX Font Info:    Checking defaults for OT1/cmr/m/n on input line 13.
LaTeX Font Info:    ... okay on input line 13.
LaTeX Font Info:    Checking defaults for OMS/cmsy/m/n on input line 13.
LaTeX Font Info:    ... okay on input line 13.
LaTeX Font Info:    Checking defaults for OMX/cmex/m/n on input line 13.
LaTeX Font Info:    ... okay on input line 13.
LaTeX Font Info:    Checking defaults for U/cmr/m/n on input line 13.
LaTeX Font Info:    ... okay on input line 13.
LaTeX Font Info:    Checking defaults for T3/cmr/m/n on input line 13.
LaTeX Font Info:    Try loading font information for T3+cmr on input line 13.

(C:\Users\Shubh\AppData\Roaming\MiKTeX\2.9\tex\latex\tipa\t3cmr.fd
File: t3cmr.fd 2001/12/31 TIPA font definitions
)
LaTeX Font Info:    ... okay on input line 13.

*geometry* driver: auto-detecting
*geometry* detected driver: pdftex
*geometry* verbose mode - [ preamble ] result:
* driver: pdftex
* paper: a4paper
* layout: <same size as paper>
* layoutoffset:(h,v)=(0.0pt,0.0pt)
* modes: 
* h-part:(L,W,R)=(71.13188pt, 455.24411pt, 71.13188pt)
* v-part:(T,H,B)=(56.9055pt, 731.23584pt, 56.9055pt)
* \paperwidth=597.50787pt
* \paperheight=845.04684pt
* \textwidth=455.24411pt
* \textheight=731.23584pt
* \oddsidemargin=-1.1381pt
* \evensidemargin=-1.1381pt
* \topmargin=-52.36449pt
* \headheight=12.0pt
* \headsep=25.0pt
* \topskip=10.0pt
* \footskip=30.0pt
* \marginparwidth=65.0pt
* \marginparsep=11.0pt
* \columnsep=10.0pt
* \skip\footins=9.0pt plus 4.0pt minus 2.0pt
* \hoffset=0.0pt
* \voffset=0.0pt
* \mag=1000
* \@twocolumnfalse
* \@twosidefalse
* \@mparswitchfalse
* \@reversemarginfalse
* (1in=72.27pt=25.4mm, 1cm=28.453pt)

(C:\Users\Shubh\AppData\Roaming\MiKTeX\2.9\tex\context\base\supp-pdf.mkii
[Loading MPS to PDF converter (version 2006.09.02).]
\scratchcounter=\count110
\scratchdimen=\dimen131
\scratchbox=\box30
\nofMPsegments=\count111
\nofMParguments=\count112
\everyMPshowfont=\toks31
\MPscratchCnt=\count113
\MPscratchDim=\dimen132
\MPnumerator=\count114
\makeMPintoPDFobject=\count115
\everyMPtoPDFconversion=\toks32
) ("C:\Program Files\MiKTeX 2.9\tex\latex\oberdiek\epstopdf-base.sty"
Package: epstopdf-base 2016/05/15 v2.6 Base part for package epstopdf

("C:\Program Files\MiKTeX 2.9\tex\generic\oberdiek\infwarerr.sty"
Package: infwarerr 2016/05/16 v1.4 Providing info/warning/error messages (HO)
)
("C:\Program Files\MiKTeX 2.9\tex\latex\oberdiek\grfext.sty"
Package: grfext 2016/05/16 v1.2 Manage graphics extensions (HO)

("C:\Program Files\MiKTeX 2.9\tex\generic\oberdiek\kvdefinekeys.sty"
Package: kvdefinekeys 2016/05/16 v1.4 Define keys (HO)

("C:\Program Files\MiKTeX 2.9\tex\generic\oberdiek\ltxcmds.sty"
Package: ltxcmds 2016/05/16 v1.23 LaTeX kernel commands for general use (HO)
)))
("C:\Program Files\MiKTeX 2.9\tex\latex\oberdiek\kvoptions.sty"
Package: kvoptions 2016/05/16 v3.12 Key value format for package options (HO)

("C:\Program Files\MiKTeX 2.9\tex\generic\oberdiek\kvsetkeys.sty"
Package: kvsetkeys 2016/05/16 v1.17 Key value parser (HO)

("C:\Program Files\MiKTeX 2.9\tex\generic\oberdiek\etexcmds.sty"
Package: etexcmds 2016/05/16 v1.6 Avoid name clashes with e-TeX commands (HO)

("C:\Program Files\MiKTeX 2.9\tex\generic\oberdiek\ifluatex.sty"
Package: ifluatex 2016/05/16 v1.4 Provides the ifluatex switch (HO)
Package ifluatex Info: LuaTeX not detected.
)
Package etexcmds Info: Could not find \expanded.
(etexcmds)             That can mean that you are not using pdfTeX 1.50 or
(etexcmds)             that some package has redefined \expanded.
(etexcmds)             In the latter case, load this package earlier.
)))
("C:\Program Files\MiKTeX 2.9\tex\generic\oberdiek\pdftexcmds.sty"
Package: pdftexcmds 2018/01/30 v0.27 Utility functions of pdfTeX for LuaTeX (HO
)
Package pdftexcmds Info: LuaTeX not detected.
Package pdftexcmds Info: \pdf@primitive is available.
Package pdftexcmds Info: \pdf@ifprimitive is available.
Package pdftexcmds Info: \pdfdraftmode found.
)
Package epstopdf-base Info: Redefining graphics rule for `.eps' on input line 4
38.
Package grfext Info: Graphics extension search list:
(grfext)             [.pdf,.png,.jpg,.mps,.jpeg,.jbig2,.jb2,.PDF,.PNG,.JPG,.JPE
G,.JBIG2,.JB2,.eps]
(grfext)             \AppendGraphicsExtensions on input line 456.
)
Package caption Info: Begin \AtBeginDocument code.
Package caption Info: float package is loaded.
Package caption Info: End \AtBeginDocument code.
LaTeX Font Info:    Try loading font information for U+msa on input line 14.

("C:\Program Files\MiKTeX 2.9\tex\latex\amsfonts\umsa.fd"
File: umsa.fd 2013/01/14 v3.01 AMS symbols A
)
LaTeX Font Info:    Try loading font information for U+msb on input line 14.

("C:\Program Files\MiKTeX 2.9\tex\latex\amsfonts\umsb.fd"
File: umsb.fd 2013/01/14 v3.01 AMS symbols B
) [1

{C:/Users/Shubh/AppData/Local/MiKTeX/2.9/pdftex/config/pdftex.map}]
<tXeA.png, id=8, 433.62pt x 289.08pt>
File: tXeA.png Graphic file (type png)
<use tXeA.png>
Package pdftex.def Info: tXeA.png  used on input line 22.
(pdftex.def)             Requested size: 364.19667pt x 242.80789pt.
<tVeA.png, id=10, 433.62pt x 289.08pt>
File: tVeA.png Graphic file (type png)
<use tVeA.png>
Package pdftex.def Info: tVeA.png  used on input line 28.
(pdftex.def)             Requested size: 364.19667pt x 242.80789pt.
<tXe.png, id=11, 433.62pt x 289.08pt>
File: tXe.png Graphic file (type png)
<use tXe.png>
Package pdftex.def Info: tXe.png  used on input line 34.
(pdftex.def)             Requested size: 364.19667pt x 242.80789pt.
<tVe.png, id=12, 433.62pt x 289.08pt>
File: tVe.png Graphic file (type png)
<use tVe.png>
Package pdftex.def Info: tVe.png  used on input line 40.
(pdftex.def)             Requested size: 364.19667pt x 242.80789pt.
 [1 <./tXeA.png> <./tVeA.png>] [2 <./tXe.png> <./tVe.png>]
<eXe.png, id=31, 433.62pt x 289.08pt>
File: eXe.png Graphic file (type png)
<use eXe.png>
Package pdftex.def Info: eXe.png  used on input line 57.
(pdftex.def)             Requested size: 364.19667pt x 242.80789pt.
<eVe.png, id=32, 433.62pt x 289.08pt>
File: eVe.png Graphic file (type png)
<use eVe.png>
Package pdftex.def Info: eVe.png  used on input line 63.
(pdftex.def)             Requested size: 364.19667pt x 242.80789pt.
<eXc.png, id=33, 433.62pt x 289.08pt>
File: eXc.png Graphic file (type png)
<use eXc.png>
Package pdftex.def Info: eXc.png  used on input line 71.
(pdftex.def)             Requested size: 364.19667pt x 242.80789pt.
 [3 <./eXe.png> <./eVe.png>]
<eVc.png, id=39, 433.62pt x 289.08pt>
File: eVc.png Graphic file (type png)
<use eVc.png>
Package pdftex.def Info: eVc.png  used on input line 77.
(pdftex.def)             Requested size: 364.19667pt x 242.80789pt.
<trE.png, id=40, 433.62pt x 289.08pt>
File: trE.png Graphic file (type png)
<use trE.png>
Package pdftex.def Info: trE.png  used on input line 83.
(pdftex.def)             Requested size: 364.19667pt x 242.80789pt.
 [4 <./eXc.png> <./eVc.png>]
<energye1.png, id=46, 433.62pt x 289.08pt>
File: energye1.png Graphic file (type png)
<use energye1.png>
Package pdftex.def Info: energye1.png  used on input line 92.
(pdftex.def)             Requested size: 364.19667pt x 242.80789pt.
<energye2.png, id=47, 433.62pt x 289.08pt>
File: energye2.png Graphic file (type png)
<use energye2.png>
Package pdftex.def Info: energye2.png  used on input line 98.
(pdftex.def)             Requested size: 364.19667pt x 242.80789pt.
 [5 <./trE.png> <./energye1.png>]
<tXi.png, id=53, 433.62pt x 289.08pt>
File: tXi.png Graphic file (type png)
<use tXi.png>
Package pdftex.def Info: tXi.png  used on input line 108.
(pdftex.def)             Requested size: 364.19667pt x 242.80789pt.
<tVi.png, id=54, 433.62pt x 289.08pt>
File: tVi.png Graphic file (type png)
<use tVi.png>
Package pdftex.def Info: tVi.png  used on input line 114.
(pdftex.def)             Requested size: 364.19667pt x 242.80789pt.
<cx.png, id=55, 433.62pt x 289.08pt>
File: cx.png Graphic file (type png)
<use cx.png>
Package pdftex.def Info: cx.png  used on input line 120.
(pdftex.def)             Requested size: 364.19667pt x 242.80789pt.
 [6 <./energye2.png> <./tXi.png>]
<cv.png, id=62, 433.62pt x 289.08pt>
File: cv.png Graphic file (type png)
<use cv.png>
Package pdftex.def Info: cv.png  used on input line 126.
(pdftex.def)             Requested size: 364.19667pt x 242.80789pt.

[7 <./tVi.png> <./cx.png>]
<eXi.png, id=68, 433.62pt x 289.08pt>
File: eXi.png Graphic file (type png)
<use eXi.png>
Package pdftex.def Info: eXi.png  used on input line 138.
(pdftex.def)             Requested size: 364.19667pt x 242.80789pt.
<eVi.png, id=69, 433.62pt x 289.08pt>
File: eVi.png Graphic file (type png)
<use eVi.png>
Package pdftex.def Info: eVi.png  used on input line 144.
(pdftex.def)             Requested size: 364.19667pt x 242.80789pt.
<cex.png, id=70, 433.62pt x 289.08pt>
File: cex.png Graphic file (type png)
<use cex.png>
Package pdftex.def Info: cex.png  used on input line 150.
(pdftex.def)             Requested size: 364.19667pt x 242.80789pt.
 [8 <./cv.png> <./eXi.png>]
<cev.png, id=76, 433.62pt x 289.08pt>
File: cev.png Graphic file (type png)
<use cev.png>
Package pdftex.def Info: cev.png  used on input line 156.
(pdftex.def)             Requested size: 364.19667pt x 242.80789pt.
 [9 <./eVi.png> <./cex.png>]
<eXci.png, id=82, 433.62pt x 289.08pt>
File: eXci.png Graphic file (type png)
<use eXci.png>
Package pdftex.def Info: eXci.png  used on input line 164.
(pdftex.def)             Requested size: 364.19667pt x 242.80789pt.
<eVci.png, id=83, 433.62pt x 289.08pt>
File: eVci.png Graphic file (type png)
<use eVci.png>
Package pdftex.def Info: eVci.png  used on input line 170.
(pdftex.def)             Requested size: 364.19667pt x 242.80789pt.
<trI.png, id=84, 433.62pt x 289.08pt>
File: trI.png Graphic file (type png)
<use trI.png>
Package pdftex.def Info: trI.png  used on input line 176.
(pdftex.def)             Requested size: 364.19667pt x 242.80789pt.
 [10 <./cev.png> <./eXci.png>]
<trC.png, id=90, 433.62pt x 289.08pt>
File: trC.png Graphic file (type png)
<use trC.png>
Package pdftex.def Info: trC.png  used on input line 182.
(pdftex.def)             Requested size: 364.19667pt x 242.80789pt.
 [11 <./eVci.png> <./trI.png>]
<energyi1.png, id=96, 433.62pt x 289.08pt>
File: energyi1.png Graphic file (type png)
<use energyi1.png>
Package pdftex.def Info: energyi1.png  used on input line 191.
(pdftex.def)             Requested size: 364.19667pt x 242.80789pt.
<compareE.png, id=97, 433.62pt x 289.08pt>
File: compareE.png Graphic file (type png)
<use compareE.png>
Package pdftex.def Info: compareE.png  used on input line 197.
(pdftex.def)             Requested size: 364.19667pt x 242.80789pt.
 [12 <./trC.png> <./energyi1.png>] [13 <./compareE.png>]
<phaseE.png, id=108, 433.62pt x 289.08pt>
File: phaseE.png Graphic file (type png)
<use phaseE.png>
Package pdftex.def Info: phaseE.png  used on input line 210.
(pdftex.def)             Requested size: 364.19667pt x 242.80789pt.
<phaseE2.png, id=109, 433.62pt x 289.08pt>
File: phaseE2.png Graphic file (type png)
<use phaseE2.png>
Package pdftex.def Info: phaseE2.png  used on input line 216.
(pdftex.def)             Requested size: 364.19667pt x 242.80789pt.
 [14 <./phaseE.png>]
<phasei1.png, id=114, 433.62pt x 289.08pt>
File: phasei1.png Graphic file (type png)
<use phasei1.png>
Package pdftex.def Info: phasei1.png  used on input line 223.
(pdftex.def)             Requested size: 364.19667pt x 242.80789pt.
<compared.png, id=115, 433.62pt x 289.08pt>
File: compared.png Graphic file (type png)
<use compared.png>
Package pdftex.def Info: compared.png  used on input line 229.
(pdftex.def)             Requested size: 364.19667pt x 242.80789pt.
 [15 <./phaseE2.png> <./phasei1.png>]
<euler.png, id=121, 433.62pt x 289.08pt>
File: euler.png Graphic file (type png)
<use euler.png>
Package pdftex.def Info: euler.png  used on input line 236.
(pdftex.def)             Requested size: 364.19667pt x 242.80789pt.
<euler2.png, id=122, 433.62pt x 289.08pt>
File: euler2.png Graphic file (type png)
<use euler2.png>
Package pdftex.def Info: euler2.png  used on input line 242.
(pdftex.def)             Requested size: 364.19667pt x 242.80789pt.
<eulerEN.png, id=123, 433.62pt x 289.08pt>
File: eulerEN.png Graphic file (type png)
<use eulerEN.png>
Package pdftex.def Info: eulerEN.png  used on input line 248.
(pdftex.def)             Requested size: 364.19667pt x 242.80789pt.
 [16 <./compared.png> <./euler.png>] [17 <./euler2.png> <./eulerEN.png>] ("Assi
gnment 3.aux") ) 
Here is how much of TeX's memory you used:
 5552 strings out of 492973
 77156 string characters out of 3135932
 145868 words of memory out of 3000000
 9306 multiletter control sequences out of 15000+200000
 12806 words of font info for 49 fonts, out of 3000000 for 9000
 1141 hyphenation exceptions out of 8191
 41i,11n,43p,805b,292s stack positions out of 5000i,500n,10000p,200000b,50000s
<C:/Program Files/MiKTeX 2.9/fonts/type1/public/amsfonts/cm/cmb
x10.pfb><C:/Program Files/MiKTeX 2.9/fonts/type1/public/amsfonts/cm/cmbx12.pfb>
<C:/Program Files/MiKTeX 2.9/fonts/type1/public/amsfonts/cm/cmmi10.pfb><C:/Prog
ram Files/MiKTeX 2.9/fonts/type1/public/amsfonts/cm/cmmi7.pfb><C:/Program Files
/MiKTeX 2.9/fonts/type1/public/amsfonts/cm/cmr10.pfb><C:/Program Files/MiKTeX 2
.9/fonts/type1/public/amsfonts/cm/cmr12.pfb><C:/Program Files/MiKTeX 2.9/fonts/
type1/public/amsfonts/cm/cmr5.pfb><C:/Program Files/MiKTeX 2.9/fonts/type1/publ
ic/amsfonts/cm/cmr7.pfb><C:/Program Files/MiKTeX 2.9/fonts/type1/public/amsfont
s/cm/cmr9.pfb><C:/Program Files/MiKTeX 2.9/fonts/type1/public/amsfonts/cm/cmsy1
0.pfb><C:/Program Files/MiKTeX 2.9/fonts/type1/public/amsfonts/cm/cmti10.pfb>
Output written on "Assignment 3.pdf" (18 pages, 681072 bytes).
PDF statistics:
 169 PDF objects out of 1000 (max. 8388607)
 0 named destinations out of 1000 (max. 500000)
 161 words of extra memory for PDF output out of 10000 (max. 10000000)

