This is pdfTeX, Version 3.14159265-2.6-1.40.19 (MiKTeX 2.9.6730 64-bit) (preloaded format=pdflatex 2018.8.15)  16 JUL 2019 22:36
entering extended mode
**./Assignment1.tex
(Assignment1.tex
LaTeX2e <2018-04-01> patch level 5
("C:\Program Files\MiKTeX 2.9\tex\latex\base\report.cls"
Document Class: report 2014/09/29 v1.4h Standard LaTeX document class
("C:\Program Files\MiKTeX 2.9\tex\latex\base\size10.clo"
File: size10.clo 2014/09/29 v1.4h Standard LaTeX file (size option)
)
\c@part=\count80
\c@chapter=\count81
\c@section=\count82
\c@subsection=\count83
\c@subsubsection=\count84
\c@paragraph=\count85
\c@subparagraph=\count86
\c@figure=\count87
\c@table=\count88
\abovecaptionskip=\skip41
\belowcaptionskip=\skip42
\bibindent=\dimen102
)
("C:\Program Files\MiKTeX 2.9\tex\latex\geometry\geometry.sty"
Package: geometry 2018/04/16 v5.8 Page Geometry

("C:\Program Files\MiKTeX 2.9\tex\latex\graphics\keyval.sty"
Package: keyval 2014/10/28 v1.15 key=value parser (DPC)
\KV@toks@=\toks14
)
("C:\Program Files\MiKTeX 2.9\tex\generic\oberdiek\ifpdf.sty"
Package: ifpdf 2017/03/15 v3.2 Provides the ifpdf switch
)
("C:\Program Files\MiKTeX 2.9\tex\generic\oberdiek\ifvtex.sty"
Package: ifvtex 2016/05/16 v1.6 Detect VTeX and its facilities (HO)
Package ifvtex Info: VTeX not detected.
)
("C:\Program Files\MiKTeX 2.9\tex\generic\ifxetex\ifxetex.sty"
Package: ifxetex 2010/09/12 v0.6 Provides ifxetex conditional
)
\Gm@cnth=\count89
\Gm@cntv=\count90
\c@Gm@tempcnt=\count91
\Gm@bindingoffset=\dimen103
\Gm@wd@mp=\dimen104
\Gm@odd@mp=\dimen105
\Gm@even@mp=\dimen106
\Gm@layoutwidth=\dimen107
\Gm@layoutheight=\dimen108
\Gm@layouthoffset=\dimen109
\Gm@layoutvoffset=\dimen110
\Gm@dimlist=\toks15

("C:\Program Files\MiKTeX 2.9\tex\latex\geometry\geometry.cfg")

Package geometry Warning: Over-specification in `h'-direction.
    `width' (369.88582pt) is ignored.

) ("C:\Program Files\MiKTeX 2.9\tex\latex\amscls\amsthm.sty"
Package: amsthm 2017/10/31 v2.20.4
\thm@style=\toks16
\thm@bodyfont=\toks17
\thm@headfont=\toks18
\thm@notefont=\toks19
\thm@headpunct=\toks20
\thm@preskip=\skip43
\thm@postskip=\skip44
\thm@headsep=\skip45
\dth@everypar=\toks21
)
("C:\Program Files\MiKTeX 2.9\tex\latex\amsmath\amsmath.sty"
Package: amsmath 2017/09/02 v2.17a AMS math features
\@mathmargin=\skip46

For additional information on amsmath, use the `?' option.
("C:\Program Files\MiKTeX 2.9\tex\latex\amsmath\amstext.sty"
Package: amstext 2000/06/29 v2.01 AMS text

("C:\Program Files\MiKTeX 2.9\tex\latex\amsmath\amsgen.sty"
File: amsgen.sty 1999/11/30 v2.0 generic functions
\@emptytoks=\toks22
\ex@=\dimen111
))
("C:\Program Files\MiKTeX 2.9\tex\latex\amsmath\amsbsy.sty"
Package: amsbsy 1999/11/29 v1.2d Bold Symbols
\pmbraise@=\dimen112
)
("C:\Program Files\MiKTeX 2.9\tex\latex\amsmath\amsopn.sty"
Package: amsopn 2016/03/08 v2.02 operator names
)
\inf@bad=\count92
LaTeX Info: Redefining \frac on input line 213.
\uproot@=\count93
\leftroot@=\count94
LaTeX Info: Redefining \overline on input line 375.
\classnum@=\count95
\DOTSCASE@=\count96
LaTeX Info: Redefining \ldots on input line 472.
LaTeX Info: Redefining \dots on input line 475.
LaTeX Info: Redefining \cdots on input line 596.
\Mathstrutbox@=\box26
\strutbox@=\box27
\big@size=\dimen113
LaTeX Font Info:    Redeclaring font encoding OML on input line 712.
LaTeX Font Info:    Redeclaring font encoding OMS on input line 713.
\macc@depth=\count97
\c@MaxMatrixCols=\count98
\dotsspace@=\muskip10
\c@parentequation=\count99
\dspbrk@lvl=\count100
\tag@help=\toks23
\row@=\count101
\column@=\count102
\maxfields@=\count103
\andhelp@=\toks24
\eqnshift@=\dimen114
\alignsep@=\dimen115
\tagshift@=\dimen116
\tagwidth@=\dimen117
\totwidth@=\dimen118
\lineht@=\dimen119
\@envbody=\toks25
\multlinegap=\skip47
\multlinetaggap=\skip48
\mathdisplay@stack=\toks26
LaTeX Info: Redefining \[ on input line 2817.
LaTeX Info: Redefining \] on input line 2818.
)
("C:\Program Files\MiKTeX 2.9\tex\latex\amsfonts\amssymb.sty"
Package: amssymb 2013/01/14 v3.01 AMS font symbols

("C:\Program Files\MiKTeX 2.9\tex\latex\amsfonts\amsfonts.sty"
Package: amsfonts 2013/01/14 v3.01 Basic AMSFonts support
\symAMSa=\mathgroup4
\symAMSb=\mathgroup5
LaTeX Font Info:    Overwriting math alphabet `\mathfrak' in version `bold'
(Font)                  U/euf/m/n --> U/euf/b/n on input line 106.
))
(C:\Users\Shubh\AppData\Roaming\MiKTeX\2.9\tex\latex\tipa\tipa.sty
Package: tipa 2002/08/08 TIPA version 1.1

("C:\Program Files\MiKTeX 2.9\tex\latex\base\fontenc.sty"
Package: fontenc 2017/04/05 v2.0i Standard LaTeX package

(C:\Users\Shubh\AppData\Roaming\MiKTeX\2.9\tex\latex\tipa\t3enc.def
File: t3enc.def 2001/12/31 T3 encoding
Now handling font encoding T3 ...
... no UTF-8 mapping file for font encoding T3
)
("C:\Program Files\MiKTeX 2.9\tex\latex\base\ot1enc.def"
File: ot1enc.def 2017/04/05 v2.0i Standard LaTeX file
LaTeX Font Info:    Redeclaring font encoding OT1 on input line 48.
)))
("C:\Program Files\MiKTeX 2.9\tex\latex\graphics\graphicx.sty"
Package: graphicx 2017/06/01 v1.1a Enhanced LaTeX Graphics (DPC,SPQR)

("C:\Program Files\MiKTeX 2.9\tex\latex\graphics\graphics.sty"
Package: graphics 2017/06/25 v1.2c Standard LaTeX Graphics (DPC,SPQR)

("C:\Program Files\MiKTeX 2.9\tex\latex\graphics\trig.sty"
Package: trig 2016/01/03 v1.10 sin cos tan (DPC)
)
("C:\Program Files\MiKTeX 2.9\tex\latex\graphics-cfg\graphics.cfg"
File: graphics.cfg 2016/06/04 v1.11 sample graphics configuration
)
Package graphics Info: Driver file: pdftex.def on input line 99.

("C:\Program Files\MiKTeX 2.9\tex\latex\graphics-def\pdftex.def"
File: pdftex.def 2018/01/08 v1.0l Graphics/color driver for pdftex
))
\Gin@req@height=\dimen120
\Gin@req@width=\dimen121
)
(C:\Users\Shubh\AppData\Roaming\MiKTeX\2.9\tex\latex\caption\caption.sty
Package: caption 2018/10/06 v3.3-154 Customizing captions (AR)

(C:\Users\Shubh\AppData\Roaming\MiKTeX\2.9\tex\latex\caption\caption3.sty
Package: caption3 2018/09/12 v1.8c caption3 kernel (AR)
Package caption3 Info: TeX engine: e-TeX on input line 64.
\captionmargin=\dimen122
\captionmargin@=\dimen123
\captionwidth=\dimen124
\caption@tempdima=\dimen125
\caption@indent=\dimen126
\caption@parindent=\dimen127
\caption@hangindent=\dimen128
)
\c@caption@flags=\count104
\c@ContinuedFloat=\count105
)
(C:\Users\Shubh\AppData\Roaming\MiKTeX\2.9\tex\latex\caption\subcaption.sty
Package: subcaption 2018/05/01 v1.1-162 Sub-captions (AR)
\c@subfigure=\count106
\c@subtable=\count107
)
("C:\Program Files\MiKTeX 2.9\tex\latex\float\float.sty"
Package: float 2001/11/08 v1.3d Float enhancements (AL)
\c@float@type=\count108
\float@exts=\toks27
\float@box=\box28
\@float@everytoks=\toks28
\@floatcapt=\box29
) (Assignment1.aux

LaTeX Warning: Label `phase1' multiply defined.

)
\openout1 = `Assignment1.aux'.

LaTeX Font Info:    Checking defaults for OML/cmm/m/it on input line 8.
LaTeX Font Info:    ... okay on input line 8.
LaTeX Font Info:    Checking defaults for T1/cmr/m/n on input line 8.
LaTeX Font Info:    ... okay on input line 8.
LaTeX Font Info:    Checking defaults for OT1/cmr/m/n on input line 8.
LaTeX Font Info:    ... okay on input line 8.
LaTeX Font Info:    Checking defaults for OMS/cmsy/m/n on input line 8.
LaTeX Font Info:    ... okay on input line 8.
LaTeX Font Info:    Checking defaults for OMX/cmex/m/n on input line 8.
LaTeX Font Info:    ... okay on input line 8.
LaTeX Font Info:    Checking defaults for U/cmr/m/n on input line 8.
LaTeX Font Info:    ... okay on input line 8.
LaTeX Font Info:    Checking defaults for T3/cmr/m/n on input line 8.
LaTeX Font Info:    Try loading font information for T3+cmr on input line 8.
 (C:\Users\Shubh\AppData\Roaming\MiKTeX\2.9\tex\latex\tipa\t3cmr.fd
File: t3cmr.fd 2001/12/31 TIPA font definitions
)
LaTeX Font Info:    ... okay on input line 8.

*geometry* driver: auto-detecting
*geometry* detected driver: pdftex
*geometry* verbose mode - [ preamble ] result:
* driver: pdftex
* paper: a4paper
* layout: <same size as paper>
* layoutoffset:(h,v)=(0.0pt,0.0pt)
* modes: 
* h-part:(L,W,R)=(71.13188pt, 455.24411pt, 71.13188pt)
* v-part:(T,H,B)=(56.9055pt, 731.23584pt, 56.9055pt)
* \paperwidth=597.50787pt
* \paperheight=845.04684pt
* \textwidth=455.24411pt
* \textheight=731.23584pt
* \oddsidemargin=-1.1381pt
* \evensidemargin=-1.1381pt
* \topmargin=-52.36449pt
* \headheight=12.0pt
* \headsep=25.0pt
* \topskip=10.0pt
* \footskip=30.0pt
* \marginparwidth=65.0pt
* \marginparsep=11.0pt
* \columnsep=10.0pt
* \skip\footins=9.0pt plus 4.0pt minus 2.0pt
* \hoffset=0.0pt
* \voffset=0.0pt
* \mag=1000
* \@twocolumnfalse
* \@twosidefalse
* \@mparswitchfalse
* \@reversemarginfalse
* (1in=72.27pt=25.4mm, 1cm=28.453pt)

(C:\Users\Shubh\AppData\Roaming\MiKTeX\2.9\tex\context\base\supp-pdf.mkii
[Loading MPS to PDF converter (version 2006.09.02).]
\scratchcounter=\count109
\scratchdimen=\dimen129
\scratchbox=\box30
\nofMPsegments=\count110
\nofMParguments=\count111
\everyMPshowfont=\toks29
\MPscratchCnt=\count112
\MPscratchDim=\dimen130
\MPnumerator=\count113
\makeMPintoPDFobject=\count114
\everyMPtoPDFconversion=\toks30
) ("C:\Program Files\MiKTeX 2.9\tex\latex\oberdiek\epstopdf-base.sty"
Package: epstopdf-base 2016/05/15 v2.6 Base part for package epstopdf

("C:\Program Files\MiKTeX 2.9\tex\generic\oberdiek\infwarerr.sty"
Package: infwarerr 2016/05/16 v1.4 Providing info/warning/error messages (HO)
)
("C:\Program Files\MiKTeX 2.9\tex\latex\oberdiek\grfext.sty"
Package: grfext 2016/05/16 v1.2 Manage graphics extensions (HO)

("C:\Program Files\MiKTeX 2.9\tex\generic\oberdiek\kvdefinekeys.sty"
Package: kvdefinekeys 2016/05/16 v1.4 Define keys (HO)

("C:\Program Files\MiKTeX 2.9\tex\generic\oberdiek\ltxcmds.sty"
Package: ltxcmds 2016/05/16 v1.23 LaTeX kernel commands for general use (HO)
)))
("C:\Program Files\MiKTeX 2.9\tex\latex\oberdiek\kvoptions.sty"
Package: kvoptions 2016/05/16 v3.12 Key value format for package options (HO)

("C:\Program Files\MiKTeX 2.9\tex\generic\oberdiek\kvsetkeys.sty"
Package: kvsetkeys 2016/05/16 v1.17 Key value parser (HO)

("C:\Program Files\MiKTeX 2.9\tex\generic\oberdiek\etexcmds.sty"
Package: etexcmds 2016/05/16 v1.6 Avoid name clashes with e-TeX commands (HO)

("C:\Program Files\MiKTeX 2.9\tex\generic\oberdiek\ifluatex.sty"
Package: ifluatex 2016/05/16 v1.4 Provides the ifluatex switch (HO)
Package ifluatex Info: LuaTeX not detected.
)
Package etexcmds Info: Could not find \expanded.
(etexcmds)             That can mean that you are not using pdfTeX 1.50 or
(etexcmds)             that some package has redefined \expanded.
(etexcmds)             In the latter case, load this package earlier.
)))
("C:\Program Files\MiKTeX 2.9\tex\generic\oberdiek\pdftexcmds.sty"
Package: pdftexcmds 2018/01/30 v0.27 Utility functions of pdfTeX for LuaTeX (HO
)
Package pdftexcmds Info: LuaTeX not detected.
Package pdftexcmds Info: \pdf@primitive is available.
Package pdftexcmds Info: \pdf@ifprimitive is available.
Package pdftexcmds Info: \pdfdraftmode found.
)
Package epstopdf-base Info: Redefining graphics rule for `.eps' on input line 4
38.
Package grfext Info: Graphics extension search list:
(grfext)             [.pdf,.png,.jpg,.mps,.jpeg,.jbig2,.jb2,.PDF,.PNG,.JPG,.JPE
G,.JBIG2,.JB2,.eps]
(grfext)             \AppendGraphicsExtensions on input line 456.
)
Package caption Info: Begin \AtBeginDocument code.
Package caption Info: float package is loaded.
Package caption Info: End \AtBeginDocument code.
LaTeX Font Info:    Try loading font information for U+msa on input line 10.

("C:\Program Files\MiKTeX 2.9\tex\latex\amsfonts\umsa.fd"
File: umsa.fd 2013/01/14 v3.01 AMS symbols A
)
LaTeX Font Info:    Try loading font information for U+msb on input line 10.

("C:\Program Files\MiKTeX 2.9\tex\latex\amsfonts\umsb.fd"
File: umsb.fd 2013/01/14 v3.01 AMS symbols B
) [1

{C:/Users/Shubh/AppData/Local/MiKTeX/2.9/pdftex/config/pdftex.map}]
<20-20.png, id=8, 433.62pt x 289.08pt>
File: 20-20.png Graphic file (type png)
<use 20-20.png>
Package pdftex.def Info: 20-20.png  used on input line 18.
(pdftex.def)             Requested size: 455.24411pt x 303.51207pt.
<10-20.png, id=10, 433.62pt x 289.08pt>
File: 10-20.png Graphic file (type png)
<use 10-20.png>
Package pdftex.def Info: 10-20.png  used on input line 24.
(pdftex.def)             Requested size: 455.24411pt x 303.51207pt.
<50-20.png, id=11, 433.62pt x 289.08pt>
File: 50-20.png Graphic file (type png)
<use 50-20.png>
Package pdftex.def Info: 50-20.png  used on input line 30.
(pdftex.def)             Requested size: 455.24411pt x 303.51207pt.
 [1 <./20-20.png>]
<sqrt2.png, id=21, 433.62pt x 289.08pt>
File: sqrt2.png Graphic file (type png)
<use sqrt2.png>
Package pdftex.def Info: sqrt2.png  used on input line 36.
(pdftex.def)             Requested size: 455.24411pt x 303.51207pt.
<pi.png, id=22, 433.62pt x 289.08pt>
File: pi.png Graphic file (type png)
<use pi.png>
Package pdftex.def Info: pi.png  used on input line 42.
(pdftex.def)             Requested size: 455.24411pt x 303.51207pt.
 [2 <./10-20.png> <./50-20.png>] [3 <./sqrt2.png> <./pi.png>]
<phase2010.png, id=34, 433.62pt x 289.08pt>
File: phase2010.png Graphic file (type png)
<use phase2010.png>
Package pdftex.def Info: phase2010.png  used on input line 51.
(pdftex.def)             Requested size: 455.24411pt x 303.51207pt.
<phase1015.png, id=35, 433.62pt x 289.08pt>
File: phase1015.png Graphic file (type png)
<use phase1015.png>
Package pdftex.def Info: phase1015.png  used on input line 57.
(pdftex.def)             Requested size: 455.24411pt x 303.51207pt.
 [4 <./phase2010.png> <./phase1015.png>]
<amp105.png, id=41, 433.62pt x 289.08pt>
File: amp105.png Graphic file (type png)
<use amp105.png>
Package pdftex.def Info: amp105.png  used on input line 67.
(pdftex.def)             Requested size: 455.24411pt x 303.51207pt.
<amp_pi.png, id=42, 433.62pt x 289.08pt>
File: amp_pi.png Graphic file (type png)
<use amp_pi.png>
Package pdftex.def Info: amp_pi.png  used on input line 74.
(pdftex.def)             Requested size: 455.24411pt x 303.51207pt.
 [5 <./amp105.png> <./amp_pi.png>]
<ratio1.png, id=48, 433.62pt x 289.08pt>
File: ratio1.png Graphic file (type png)
<use ratio1.png>
Package pdftex.def Info: ratio1.png  used on input line 84.
(pdftex.def)             Requested size: 455.24411pt x 303.51207pt.
<ratio2.png, id=49, 433.62pt x 289.08pt>
File: ratio2.png Graphic file (type png)
<use ratio2.png>
Package pdftex.def Info: ratio2.png  used on input line 90.
(pdftex.def)             Requested size: 455.24411pt x 303.51207pt.
<ratio3.png, id=50, 433.62pt x 289.08pt>
File: ratio3.png Graphic file (type png)
<use ratio3.png>
Package pdftex.def Info: ratio3.png  used on input line 96.
(pdftex.def)             Requested size: 455.24411pt x 303.51207pt.
 [6 <./ratio1.png>]
<ratio4.png, id=57, 433.62pt x 289.08pt>
File: ratio4.png Graphic file (type png)
<use ratio4.png>
Package pdftex.def Info: ratio4.png  used on input line 102.
(pdftex.def)             Requested size: 455.24411pt x 303.51207pt.
<ratio5.png, id=58, 433.62pt x 289.08pt>
File: ratio5.png Graphic file (type png)
<use ratio5.png>
Package pdftex.def Info: ratio5.png  used on input line 108.
(pdftex.def)             Requested size: 455.24411pt x 303.51207pt.
 [7 <./ratio2.png> <./ratio3.png>] [8 <./ratio4.png> <./ratio5.png>]
<phi1.png, id=69, 433.62pt x 289.08pt>
File: phi1.png Graphic file (type png)
<use phi1.png>
Package pdftex.def Info: phi1.png  used on input line 121.
(pdftex.def)             Requested size: 455.24411pt x 303.51207pt.
<phi2.png, id=70, 433.62pt x 289.08pt>
File: phi2.png Graphic file (type png)
<use phi2.png>
Package pdftex.def Info: phi2.png  used on input line 128.
(pdftex.def)             Requested size: 455.24411pt x 303.51207pt.
 [9 <./phi1.png>]
<phi3.png, id=75, 433.62pt x 289.08pt>
File: phi3.png Graphic file (type png)
<use phi3.png>
Package pdftex.def Info: phi3.png  used on input line 135.
(pdftex.def)             Requested size: 455.24411pt x 303.51207pt.
<phi4.png, id=76, 433.62pt x 289.08pt>
File: phi4.png Graphic file (type png)
<use phi4.png>
Package pdftex.def Info: phi4.png  used on input line 143.
(pdftex.def)             Requested size: 455.24411pt x 303.51207pt.
 [10 <./phi2.png> <./phi3.png>]
<phi5.png, id=82, 433.62pt x 289.08pt>
File: phi5.png Graphic file (type png)
<use phi5.png>
Package pdftex.def Info: phi5.png  used on input line 151.
(pdftex.def)             Requested size: 455.24411pt x 303.51207pt.
<phi6.png, id=83, 433.62pt x 289.08pt>
File: phi6.png Graphic file (type png)
<use phi6.png>
Package pdftex.def Info: phi6.png  used on input line 158.
(pdftex.def)             Requested size: 455.24411pt x 303.51207pt.
 [11 <./phi4.png> <./phi5.png>]
<phiA.png, id=89, 433.62pt x 289.08pt>
File: phiA.png Graphic file (type png)
<use phiA.png>
Package pdftex.def Info: phiA.png  used on input line 168.
(pdftex.def)             Requested size: 455.24411pt x 303.51207pt.
 [12 <./phi6.png>]
<phiB.png, id=95, 433.62pt x 289.08pt>
File: phiB.png Graphic file (type png)
<use phiB.png>
Package pdftex.def Info: phiB.png  used on input line 175.
(pdftex.def)             Requested size: 455.24411pt x 303.51207pt.
<phiC.png, id=96, 433.62pt x 289.08pt>
File: phiC.png Graphic file (type png)
<use phiC.png>
Package pdftex.def Info: phiC.png  used on input line 182.
(pdftex.def)             Requested size: 455.24411pt x 303.51207pt.
 [13 <./phiA.png> <./phiB.png>]
<phiD.png, id=102, 433.62pt x 289.08pt>
File: phiD.png Graphic file (type png)
<use phiD.png>
Package pdftex.def Info: phiD.png  used on input line 189.
(pdftex.def)             Requested size: 455.24411pt x 303.51207pt.
 [14 <./phiC.png>]
<phiE.png, id=107, 433.62pt x 289.08pt>
File: phiE.png Graphic file (type png)
<use phiE.png>
Package pdftex.def Info: phiE.png  used on input line 196.
(pdftex.def)             Requested size: 455.24411pt x 303.51207pt.
<phiF.png, id=108, 433.62pt x 289.08pt>
File: phiF.png Graphic file (type png)
<use phiF.png>
Package pdftex.def Info: phiF.png  used on input line 203.
(pdftex.def)             Requested size: 455.24411pt x 303.51207pt.
 [15 <./phiD.png> <./phiE.png>]
<phiG.png, id=114, 433.62pt x 289.08pt>
File: phiG.png Graphic file (type png)
<use phiG.png>
Package pdftex.def Info: phiG.png  used on input line 210.
(pdftex.def)             Requested size: 455.24411pt x 303.51207pt.
<phiH.png, id=115, 433.62pt x 289.08pt>
File: phiH.png Graphic file (type png)
<use phiH.png>
Package pdftex.def Info: phiH.png  used on input line 216.
(pdftex.def)             Requested size: 455.24411pt x 303.51207pt.

[16 <./phiF.png>] [17 <./phiG.png>]
<phiI.png, id=124, 433.62pt x 289.08pt>
File: phiI.png Graphic file (type png)
<use phiI.png>
Package pdftex.def Info: phiI.png  used on input line 223.
(pdftex.def)             Requested size: 455.24411pt x 303.51207pt.
<phiJ.png, id=125, 433.62pt x 289.08pt>
File: phiJ.png Graphic file (type png)
<use phiJ.png>
Package pdftex.def Info: phiJ.png  used on input line 230.
(pdftex.def)             Requested size: 455.24411pt x 303.51207pt.
 [18 <./phiH.png> <./phiI.png>]
<beats1.png, id=132, 433.62pt x 289.08pt>
File: beats1.png Graphic file (type png)
<use beats1.png>
Package pdftex.def Info: beats1.png  used on input line 243.
(pdftex.def)             Requested size: 455.24411pt x 303.51207pt.
<beats2.png, id=133, 433.62pt x 289.08pt>
File: beats2.png Graphic file (type png)
<use beats2.png>
Package pdftex.def Info: beats2.png  used on input line 249.
(pdftex.def)             Requested size: 455.24411pt x 303.51207pt.
 [19 <./phiJ.png>]
<beats3.png, id=139, 433.62pt x 289.08pt>
File: beats3.png Graphic file (type png)
<use beats3.png>
Package pdftex.def Info: beats3.png  used on input line 255.
(pdftex.def)             Requested size: 455.24411pt x 303.51207pt.
 [20 <./beats1.png> <./beats2.png>] [21 <./beats3.png>] (Assignment1.aux)

LaTeX Warning: There were multiply-defined labels.

 ) 
Here is how much of TeX's memory you used:
 5345 strings out of 492973
 74523 string characters out of 3135932
 142180 words of memory out of 3000000
 9109 multiletter control sequences out of 15000+200000
 12667 words of font info for 49 fonts, out of 3000000 for 9000
 1141 hyphenation exceptions out of 8191
 41i,7n,39p,629b,299s stack positions out of 5000i,500n,10000p,200000b,50000s
<C:/Program Files/MiKTeX 2.9/fonts/type1/public/amsfonts/cm/cmbx12.pfb><C:/Pr
ogram Files/MiKTeX 2.9/fonts/type1/public/amsfonts/cm/cmmi10.pfb><C:/Program Fi
les/MiKTeX 2.9/fonts/type1/public/amsfonts/cm/cmmi12.pfb><C:/Program Files/MiKT
eX 2.9/fonts/type1/public/amsfonts/cm/cmmi7.pfb><C:/Program Files/MiKTeX 2.9/fo
nts/type1/public/amsfonts/cm/cmr10.pfb><C:/Program Files/MiKTeX 2.9/fonts/type1
/public/amsfonts/cm/cmr12.pfb><C:/Program Files/MiKTeX 2.9/fonts/type1/public/a
msfonts/cm/cmr7.pfb><C:/Program Files/MiKTeX 2.9/fonts/type1/public/amsfonts/cm
/cmr9.pfb><C:/Program Files/MiKTeX 2.9/fonts/type1/public/amsfonts/cm/cmsy10.pf
b><C:/Program Files/MiKTeX 2.9/fonts/type1/public/amsfonts/cm/cmti10.pfb><C:/Pr
ogram Files/MiKTeX 2.9/fonts/type1/public/amsfonts/cm/cmtt10.pfb>
Output written on Assignment1.pdf (22 pages, 627882 bytes).
PDF statistics:
 184 PDF objects out of 1000 (max. 8388607)
 0 named destinations out of 1000 (max. 500000)
 166 words of extra memory for PDF output out of 10000 (max. 10000000)

